The system is: Linux - 5.10.16.3-microsoft-standard-WSL2 - x86_64
Compiling the C compiler identification source file "CMakeCCompilerId.c" succeeded.
Compiler: /usr/bin/cc 
Build flags: 
Id flags:  

The output was:
0


Compilation of the C compiler identification source "CMakeCCompilerId.c" produced "a.out"

The C compiler identification is GNU, found in "/mnt/d/Ccode/Hello/cmake-build-debug/CMakeFiles/3.23.2/CompilerIdC/a.out"

Determining if the C compiler works passed with the following output:
Change Dir: /mnt/d/Ccode/Hello/cmake-build-debug/CMakeFiles/CMakeTmp

Run Build Command(s):/usr/bin/make -f Makefile cmTC_685c1/fast && /usr/bin/make  -f CMakeFiles/cmTC_685c1.dir/build.make CMakeFiles/cmTC_685c1.dir/build
make[1]: Entering directory '/mnt/d/Ccode/Hello/cmake-build-debug/CMakeFiles/CMakeTmp'
Building C object CMakeFiles/cmTC_685c1.dir/testCCompiler.c.o
/usr/bin/cc    -o CMakeFiles/cmTC_685c1.dir/testCCompiler.c.o -c /mnt/d/Ccode/Hello/cmake-build-debug/CMakeFiles/CMakeTmp/testCCompiler.c
Linking C executable cmTC_685c1
/home/pu/cmake-3.23.2-linux-x86_64/bin/cmake -E cmake_link_script CMakeFiles/cmTC_685c1.dir/link.txt --verbose=1
/usr/bin/cc CMakeFiles/cmTC_685c1.dir/testCCompiler.c.o -o cmTC_685c1 
make[1]: Leaving directory '/mnt/d/Ccode/Hello/cmake-build-debug/CMakeFiles/CMakeTmp'



The system is: Linux - 5.10.16.3-microsoft-standard-WSL2 - x86_64
Compiling the C compiler identification source file "CMakeCCompilerId.c" succeeded.
Compiler: /usr/bin/cc 
Build flags: 
Id flags:  

The output was:
0


Compilation of the C compiler identification source "CMakeCCompilerId.c" produced "a.out"

The C compiler identification is GNU, found in "/mnt/d/Ccode/Hello/cmake-build-debug/CMakeFiles/3.16.3/CompilerIdC/a.out"

Determining if the C compiler works passed with the following output:
Change Dir: /mnt/d/Ccode/Hello/cmake-build-debug/CMakeFiles/CMakeTmp

Run Build Command(s):/usr/bin/make cmTC_23bd1/fast && /usr/bin/make -f CMakeFiles/cmTC_23bd1.dir/build.make CMakeFiles/cmTC_23bd1.dir/build
make[1]: Entering directory '/mnt/d/Ccode/Hello/cmake-build-debug/CMakeFiles/CMakeTmp'
Building C object CMakeFiles/cmTC_23bd1.dir/testCCompiler.c.o
/usr/bin/cc    -o CMakeFiles/cmTC_23bd1.dir/testCCompiler.c.o   -c /mnt/d/Ccode/Hello/cmake-build-debug/CMakeFiles/CMakeTmp/testCCompiler.c
Linking C executable cmTC_23bd1
/usr/bin/cmake -E cmake_link_script CMakeFiles/cmTC_23bd1.dir/link.txt --verbose=1
/usr/bin/cc      CMakeFiles/cmTC_23bd1.dir/testCCompiler.c.o  -o cmTC_23bd1 
make[1]: Leaving directory '/mnt/d/Ccode/Hello/cmake-build-debug/CMakeFiles/CMakeTmp'



